<?xml version="1.0" encoding="UTF-8" ?>
<testsuites disabled="0" errors="0" failures="0" tests="3" time="0.001">
 <testsuite name="SalesHelper" timestamp="2024-06-24T21:50:20" hostname="localhost" time="0.001" errors="0" tests="3" skipped="0" disabled="0" failures="0">
  <testcase classname="SalesHelper" name="should generate a sales summary correctly" time="0.001" />
  <testcase classname="SalesHelper" name="should generate a sales report within a date range" time="0" />
  <testcase classname="SalesHelper" name="should add a sale and calculate the total amount correctly" time="0" />
 </testsuite>
</testsuites>