<?xml version="1.0" encoding="UTF-8" ?>
<testsuites disabled="0" errors="0" failures="0" tests="3" time="0.004">
 <testsuite name="SalesService" timestamp="2024-06-24T21:50:20" hostname="localhost" time="0.004" errors="0" tests="3" skipped="0" disabled="0" failures="0">
  <testcase classname="SalesService" name="should register a sale successfully with valid data" time="0.001" />
  <testcase classname="SalesService" name="should validate sale data correctly" time="0.001" />
  <testcase classname="SalesService" name="should not register a sale with invalid data" time="0.001" />
 </testsuite>
</testsuites>