<?xml version="1.0" encoding="UTF-8" ?>
<testsuites disabled="0" errors="0" failures="0" tests="3" time="0.001">
 <testsuite name="DiscountService" timestamp="2024-06-24T21:50:20" hostname="localhost" time="0.001" errors="0" tests="3" skipped="0" disabled="0" failures="0">
  <testcase classname="DiscountService" name="should apply discount correctly" time="0" />
  <testcase classname="DiscountService" name="should handle maximum discount" time="0.001" />
  <testcase classname="DiscountService" name="should handle zero discount" time="0" />
 </testsuite>
</testsuites>