<?xml version="1.0" encoding="UTF-8" ?>
<testsuites disabled="0" errors="0" failures="0" tests="3" time="0.007">
 <testsuite name="SparePartService - Update Spare Part" timestamp="2024-06-24T21:50:20" hostname="localhost" time="0.007" errors="0" tests="3" skipped="0" disabled="0" failures="0">
  <testcase classname="SparePartService - Update Spare Part" name="should not update a spare part with invalid data" time="0.001" />
  <testcase classname="SparePartService - Update Spare Part" name="should update a spare part successfully with valid data" time="0.003" />
  <testcase classname="SparePartService - Update Spare Part" name="should not update a non-existing spare part" time="0" />
 </testsuite>
</testsuites>