<?xml version="1.0" encoding="UTF-8" ?>
<testsuites disabled="0" errors="0" failures="0" tests="3" time="0.007">
 <testsuite name="SparePartService" timestamp="2024-06-24T21:50:20" hostname="localhost" time="0.007" errors="0" tests="3" skipped="0" disabled="0" failures="0">
  <testcase classname="SparePartService" name="should not register a spare part with invalid data" time="0.004" />
  <testcase classname="SparePartService" name="should register a spare part successfully with valid data" time="0.001" />
  <testcase classname="SparePartService" name="should validate spare part data correctly" time="0.001" />
 </testsuite>
</testsuites>